2025-02-22 16:46:00 INFO  Main:35 - saved data reading
2025-02-22 16:46:00 INFO  Main:40 - application start
2025-02-22 16:46:00 INFO  Controller:74 - Main controller initializing
2025-02-22 16:46:09 INFO  NewEditController:89 - new/edit window initializing
2025-02-22 16:46:36 INFO  NewEditController:89 - new/edit window initializing
2025-02-22 16:47:33 INFO  NewEditController:89 - new/edit window initializing
2025-04-03 17:40:01 ERROR Task:36 - time below bound
2025-04-03 17:40:01 ERROR Task:40 - interval < than 1
2025-04-03 18:15:14 ERROR Task:36 - time below bound
2025-04-03 18:15:14 ERROR Task:40 - interval < than 1
2025-04-03 19:13:09 ERROR Task:36 - time below bound
2025-04-03 19:13:09 ERROR Task:40 - interval < than 1
2025-04-03 19:21:51 ERROR Task:36 - time below bound
2025-04-03 19:21:51 ERROR Task:40 - interval < than 1
2025-04-03 19:50:42 ERROR Task:26 - time below bound
2025-04-03 19:50:42 ERROR Task:40 - interval < than 1
2025-04-03 19:50:42 ERROR Task:36 - time below bound
2025-04-03 19:54:53 ERROR Task:26 - time below bound
2025-04-03 19:54:53 ERROR Task:40 - interval < than 1
2025-04-03 19:54:53 ERROR Task:36 - time below bound
2025-04-03 19:55:10 ERROR Task:26 - time below bound
2025-04-03 19:55:11 ERROR Task:40 - interval < than 1
2025-04-03 19:55:11 ERROR Task:36 - time below bound
